<?xml version="1.0" encoding="UTF-8"?>
<!-- Generated by org.testng.reporters.JUnitReportReporter -->
<testsuite skipped="0" hostname="CBIT01458.local" name="KhathaBook" tests="1" failures="0" timestamp="2020-11-22T12:54:52 IST" time="76.501" errors="0">
  <testcase name="verifyDebitCredit" time="76.501" classname="KhathaBook"/>
  <system-out>
Customer: vin added First transaction - amount lent: ₹ 100 Record Shows ₹ 100 lent Second transaction - amount received: ₹ 70 Table record 1 Shows ₹ 70 received Table record 2 Shows ₹ 100 lent SMS/Whatsapp cannot be done since mobile number was not entered during customer creation Report and PDF displays ₹ 30 yet to be collected from customer  </system-out>
</testsuite> <!-- KhathaBook -->
